{
  "0 debug pnpm:scope": {
    "selected": 1
  },
  "1 error pnpm": {
    "code": "ELIFECYCLE",
    "errno": "ENOENT",
    "syscall": "spawn",
    "file": "sh",
    "pkgid": "template-fullstack@1.0.0",
    "stage": "dev-front",
    "script": "npm --prefix ./frontend run dev",
    "pkgname": "template-fullstack",
    "err": {
      "name": "pnpm",
      "message": "template-fullstack@1.0.0 dev-front: `npm --prefix ./frontend run dev`\nspawn ENOENT",
      "code": "ELIFECYCLE",
      "stack": "pnpm: template-fullstack@1.0.0 dev-front: `npm --prefix ./frontend run dev`\nspawn ENOENT\n    at ChildProcess.<anonymous> (/home/tibuntu/.nvm/versions/node/v16.14.0/pnpm-global/5/node_modules/.pnpm/pnpm@7.0.0/node_modules/pnpm/dist/pnpm.cjs:93294:22)\n    at ChildProcess.emit (node:events:520:28)\n    at maybeClose (node:internal/child_process:1092:16)\n    at Process.ChildProcess._handle.onexit (node:internal/child_process:302:5)"
    }
  },
  "2 warn pnpm:global": " Local package.json exists, but node_modules missing, did you mean to install?"
}